IQ-TREE multicore version 2.3.6 for Linux x86 64-bit built Aug  1 2024
Developed by Bui Quang Minh, Nguyen Lam Tung, Olga Chernomor, Heiko Schmidt,
Dominik Schrempf, Michael Woodhams, Ly Trong Nhan, Thomas Wong

Host:    Atelopus (AVX2, FMA3, 7 GB RAM)
Command: iqtree2 -s grupo_01_alineamiento_recortado.fasta -m MFP -B 1000
Seed:    709809 (Using SPRNG - Scalable Parallel Random Number Generator)
Time:    Tue Oct 29 18:04:24 2024
Kernel:  AVX+FMA - 1 threads (8 CPU cores detected)

HINT: Use -nt option to specify number of threads because your CPU has 8 cores!
HINT: -nt AUTO will automatically determine the best number of threads to use.

Reading alignment file grupo_01_alineamiento_recortado.fasta ... Fasta format detected
Reading fasta file: done in 0.00188916 secs
Alignment most likely contains DNA/RNA sequences
Alignment has 47 sequences with 542 columns, 283 distinct patterns
265 parsimony-informative, 15 singleton sites, 262 constant sites
                                    Gap/Ambiguity  Composition  p-value
Analyzing sequences: done in 0.000127219 secs using 95.9% CPU
   1  Eleutherodactylus_longipes            0.00%    passed     82.61%
   2  Eleutherodactylus_leprus              0.00%    passed     54.12%
   3  Eleutherodactylus_verrucipes          0.00%    passed     67.87%
   4  Eleutherodactylus_guttilatus          0.00%    passed     76.96%
   5  Eleutherodactylus_cystignathoides     0.00%    passed     74.02%
   6  Eleutherodactylus_angustidigitorum    0.00%    passed     43.61%
   7  Eleutherodactylus_manantlanensis      0.00%    failed      1.31%
   8  Eleutherodactylus_nietoi              0.00%    passed     94.23%
   9  Eleutherodactylus_pallidus            0.00%    passed     46.95%
  10  Eleutherodactylus_erythrochomus       0.00%    passed     49.21%
  11  Eleutherodactylus_syristes            0.00%    passed     63.54%
  12  Eleutherodactylus_maurus              0.00%    passed     69.14%
  13  Eleutherodactylus_nitidus             0.00%    passed     58.75%
  14  Eleutherodactylus_rubrimaculatus      0.00%    passed     42.34%
  15  Diasporus_amirae                      0.00%    passed     52.70%
  16  Eleutherodactylus_planirostris        0.00%    passed     56.42%
  17  Eleutherodactylus_coqui               0.00%    passed     82.39%
  18  Adelophryne_baturitensis              0.00%    passed     50.50%
  19  Adelophryne_maranguapensis            0.00%    passed     34.55%
  20  Diasporus_diastema                    0.00%    passed     29.39%
  21  Diasporus_quidditus                   0.00%    passed     19.84%
  22  Eleutherodactylus_johnstonei          0.00%    passed     20.49%
  23  Eleutherodactylus_atkinsi             0.00%    passed     46.03%
  24  Eleutherodactylus_cubanus             0.00%    passed     98.90%
  25  Eleutherodactylus_etheridgei          0.00%    passed     34.54%
  26  Eleutherodactylus_iberia              0.00%    passed     83.18%
  27  Eleutherodactylus_jaumei              0.00%    passed     92.96%
  28  Eleutherodactylus_limbatus            0.00%    passed     97.18%
  29  Eleutherodactylus_orientalis          0.00%    passed     93.06%
  30  Adelophryne_pachydactyla              0.00%    passed     40.24%
  31  Adelophryne_patamona                  0.00%    passed     77.29%
  32  Adelophryne_adiastola                 0.00%    passed     64.32%
  33  Adelophryne_gutturosa                 0.00%    passed     61.10%
  34  Phyzelaphryne_miriamae                0.00%    passed     96.40%
  35  Diasporus_hylaeformis                 0.00%    passed     48.15%
  36  Eleutherodactylus_principalis         0.00%    passed     59.20%
  37  Eleutherodactylus_glamyrus            0.00%    passed     48.54%
  38  Eleutherodactylus_mariposa            0.00%    failed      2.44%
  39  Eleutherodactylus_ronaldi             0.00%    passed     11.86%
  40  Eleutherodactylus_eileenae            0.00%    passed     75.77%
  41  Ischnocnema_henselii                  0.00%    passed     92.21%
  42  Ischnocnema_guentheri                 0.00%    passed     51.67%
  43  Ischnocnema_juipoca                   0.00%    passed     46.47%
  44  Ischnocnema_crassa                    0.00%    passed     40.43%
  45  Ischnocnema_parva                     0.00%    passed     28.07%
  46  Ischnocnema_vizottoi                  0.00%    passed     80.43%
  47  Ischnocnema_lactea                    0.00%    passed      9.04%
****  TOTAL                                 0.00%  2 sequences failed composition chi2 test (p-value<5%; df=3)


Create initial parsimony tree by phylogenetic likelihood library (PLL)... 0.006 seconds
Perform fast likelihood tree search using GTR+I+G model...
Estimate model parameters (epsilon = 5.000)
Perform nearest neighbor interchange...
Estimate model parameters (epsilon = 1.000)
1. Initial log-likelihood: -10742.614
2. Current log-likelihood: -10740.968
Optimal log-likelihood: -10740.065
Rate parameters:  A-C: 1.82021  A-G: 15.09564  A-T: 1.63176  C-G: 0.47298  C-T: 13.73348  G-T: 1.00000
Base frequencies:  A: 0.236  C: 0.291  G: 0.170  T: 0.302
Proportion of invariable sites: 0.468
Gamma shape alpha: 0.758
Parameters optimization took 2 rounds (0.050 sec)
Time for fast ML tree search: 0.372 seconds

NOTE: ModelFinder requires 5 MB RAM!
ModelFinder will test up to 484 DNA models (sample size: 542 epsilon: 0.100) ...
 No. Model         -LnL         df  AIC          AICc         BIC
  1  GTR+F         13145.689    99  26489.378    26534.175    26914.610
  2  GTR+F+I       11287.719    100 22775.438    22821.243    23204.965
  3  GTR+F+G4      10864.605    100 21929.210    21975.015    22358.737
  4  GTR+F+I+G4    10739.681    101 21681.361    21728.189    22115.183
  5  GTR+F+R2      10972.730    101 22147.460    22194.287    22581.282
  6  GTR+F+R3      10802.595    103 21811.189    21860.102    22253.602
  7  GTR+F+R4      10745.410    105 21700.820    21751.875    22151.823
  8  GTR+F+R5      10735.557    107 21685.115    21738.368    22144.708
  9  GTR+F+R6      10735.632    109 21689.264    21744.774    22157.448
 14  GTR+F+I+R2    10839.882    102 21883.763    21931.627    22321.880
 15  GTR+F+I+R3    10749.709    104 21707.418    21757.395    22154.125
 16  GTR+F+I+R4    10736.904    106 21685.808    21737.955    22141.106
 17  GTR+F+I+R5    10736.803    108 21689.605    21743.979    22153.494
 26  SYM+I+G4      10799.288    98  21794.577    21838.378    22215.513
 48  TVM+F+I+G4    10740.043    100 21680.087    21725.892    22109.613
 70  TVMe+I+G4     10830.668    97  21855.336    21898.156    22271.977
 92  TIM3+F+I+G4   10752.642    99  21703.284    21748.080    22128.515
114  TIM3e+I+G4    10856.598    96  21905.195    21947.047    22317.541
136  TIM2+F+I+G4   10741.196    99  21680.393    21725.189    22105.624
158  TIM2e+I+G4    10801.218    96  21794.437    21836.288    22206.782
180  TIM+F+I+G4    10751.247    99  21700.493    21745.290    22125.725
202  TIMe+I+G4     10855.239    96  21902.478    21944.330    22314.824
224  TPM3u+F+I+G4  10753.511    98  21703.021    21746.823    22123.957
246  TPM3+I+G4     10880.258    95  21950.517    21991.414    22358.567
268  TPM2u+F+I+G4  10741.442    98  21678.883    21722.685    22099.819
290  TPM2+I+G4     10832.938    95  21855.876    21896.773    22263.927
312  K3Pu+F+I+G4   10752.081    98  21700.163    21743.964    22121.099
334  K3P+I+G4      10879.317    95  21948.634    21989.531    22356.685
356  TN+F+I+G4     10752.881    98  21701.762    21745.563    22122.698
378  TNe+I+G4      10857.692    95  21905.385    21946.282    22313.435
400  HKY+F+I+G4    10753.758    97  21701.516    21744.336    22118.157
422  K2P+I+G4      10881.683    94  21951.365    21991.320    22355.120
444  F81+F+I+G4    11769.294    96  23730.588    23772.440    24142.934
466  JC+I+G4       11940.117    93  24066.233    24105.260    24465.693
Akaike Information Criterion:           TPM2u+F+I+G4
Corrected Akaike Information Criterion: TPM2u+F+I+G4
Bayesian Information Criterion:         TPM2u+F+I+G4
Best-fit model: TPM2u+F+I+G4 chosen according to BIC

All model information printed to grupo_01_alineamiento_recortado.fasta.model.gz
CPU time for ModelFinder: 3.983 seconds (0h:0m:3s)
Wall-clock time for ModelFinder: 4.037 seconds (0h:0m:4s)
Generating 1000 samples for ultrafast bootstrap (seed: 709809)...

NOTE: 2 MB RAM (0 GB) is required!
Estimate model parameters (epsilon = 0.100)
Thoroughly optimizing +I+G parameters from 10 start values...
Init pinv, alpha: 0.000, 1.377 / Estimate: 0.468, 0.716 / LogL: -10741.465
Init pinv, alpha: 0.054, 1.377 / Estimate: 0.468, 0.721 / LogL: -10741.444
Init pinv, alpha: 0.107, 1.377 / Estimate: 0.468, 0.723 / LogL: -10741.435
Init pinv, alpha: 0.161, 1.377 / Estimate: 0.468, 0.725 / LogL: -10741.438
Init pinv, alpha: 0.215, 1.377 / Estimate: 0.468, 0.731 / LogL: -10741.477
Init pinv, alpha: 0.269, 1.377 / Estimate: 0.468, 0.735 / LogL: -10741.506
Init pinv, alpha: 0.322, 1.377 / Estimate: 0.468, 0.734 / LogL: -10741.505
Init pinv, alpha: 0.376, 1.377 / Estimate: 0.468, 0.735 / LogL: -10741.515
Init pinv, alpha: 0.430, 1.377 / Estimate: 0.468, 0.736 / LogL: -10741.519
Init pinv, alpha: 0.483, 1.377 / Estimate: 0.468, 0.736 / LogL: -10741.521
Optimal pinv,alpha: 0.468, 0.723 / LogL: -10741.435

Parameters optimization took 2.215 sec
Wrote distance file to... 
Computing ML distances based on estimated model parameters...
Calculating distance matrix: done in 0.0101222 secs using 99.86% CPU
Computing ML distances took 0.010219 sec (of wall-clock time) 0.010210 sec (of CPU time)
Setting up auxiliary I and S matrices: done in 0.000107002 secs using 99.06% CPU
Computing RapidNJ tree took 0.000539 sec (of wall-clock time) 0.000417 sec (of CPU time)
Log-likelihood of RapidNJ tree: -10759.988
--------------------------------------------------------------------
|             INITIALIZING CANDIDATE TREE SET                      |
--------------------------------------------------------------------
Generating 98 parsimony trees... 0.416 second
Computing log-likelihood of 98 initial trees ... 0.366 seconds
Current best score: -10741.435

Do NNI search on 20 best initial trees
Estimate model parameters (epsilon = 0.100)
BETTER TREE FOUND at iteration 1: -10740.252
Iteration 10 / LogL: -10740.914 / Time: 0h:0m:7s
Iteration 20 / LogL: -10740.937 / Time: 0h:0m:8s
Finish initializing candidate tree set (10)
Current best tree score: -10740.252 / CPU time: 2.219
Number of iterations: 20
--------------------------------------------------------------------
|               OPTIMIZING CANDIDATE TREE SET                      |
--------------------------------------------------------------------
Iteration 30 / LogL: -10741.785 / Time: 0h:0m:9s (0h:0m:12s left)
Iteration 40 / LogL: -10741.360 / Time: 0h:0m:9s (0h:0m:9s left)
Iteration 50 / LogL: -10740.291 / Time: 0h:0m:10s (0h:0m:6s left)
Log-likelihood cutoff on original alignment: -10784.005
Iteration 60 / LogL: -10740.510 / Time: 0h:0m:11s (0h:0m:5s left)
Iteration 70 / LogL: -10740.633 / Time: 0h:0m:12s (0h:0m:3s left)
Iteration 80 / LogL: -10740.407 / Time: 0h:0m:13s (0h:0m:2s left)
Iteration 90 / LogL: -10740.979 / Time: 0h:0m:13s (0h:0m:1s left)
Iteration 100 / LogL: -10741.667 / Time: 0h:0m:14s (0h:0m:0s left)
Log-likelihood cutoff on original alignment: -10784.005
NOTE: Bootstrap correlation coefficient of split occurrence frequencies: 0.997
TREE SEARCH COMPLETED AFTER 102 ITERATIONS / Time: 0h:0m:14s

--------------------------------------------------------------------
|                    FINALIZING TREE SEARCH                        |
--------------------------------------------------------------------
Performs final model parameters optimization
Estimate model parameters (epsilon = 0.010)
1. Initial log-likelihood: -10740.252
Optimal log-likelihood: -10740.250
Rate parameters:  A-C: 2.42267  A-G: 21.24709  A-T: 2.42267  C-G: 1.00000  C-T: 21.24709  G-T: 1.00000
Base frequencies:  A: 0.236  C: 0.291  G: 0.170  T: 0.302
Proportion of invariable sites: 0.468
Gamma shape alpha: 0.720
Parameters optimization took 1 rounds (0.012 sec)
BEST SCORE FOUND : -10740.250
Creating bootstrap support values...
Split supports printed to NEXUS file grupo_01_alineamiento_recortado.fasta.splits.nex
Total tree length: 15.140

Total number of iterations: 102
CPU time used for tree search: 8.218 sec (0h:0m:8s)
Wall-clock time used for tree search: 8.560 sec (0h:0m:8s)
Total CPU time used: 14.547 sec (0h:0m:14s)
Total wall-clock time used: 14.972 sec (0h:0m:14s)

Computing bootstrap consensus tree...
Reading input file grupo_01_alineamiento_recortado.fasta.splits.nex...
47 taxa and 259 splits.
Consensus tree written to grupo_01_alineamiento_recortado.fasta.contree
Reading input trees file grupo_01_alineamiento_recortado.fasta.contree
Log-likelihood of consensus tree: -10740.396

Analysis results written to: 
  IQ-TREE report:                grupo_01_alineamiento_recortado.fasta.iqtree
  Maximum-likelihood tree:       grupo_01_alineamiento_recortado.fasta.treefile
  Likelihood distances:          grupo_01_alineamiento_recortado.fasta.mldist

Ultrafast bootstrap approximation results written to:
  Split support values:          grupo_01_alineamiento_recortado.fasta.splits.nex
  Consensus tree:                grupo_01_alineamiento_recortado.fasta.contree
  Screen log file:               grupo_01_alineamiento_recortado.fasta.log

Date and Time: Tue Oct 29 18:04:39 2024
