IQ-TREE multicore version 2.3.6 for Linux x86 64-bit built Aug  1 2024
Developed by Bui Quang Minh, Nguyen Lam Tung, Olga Chernomor, Heiko Schmidt,
Dominik Schrempf, Michael Woodhams, Ly Trong Nhan, Thomas Wong

Host:    Atelopus (AVX2, FMA3, 7 GB RAM)
Command: iqtree2 -s grupo_08_alineamiento_recortado.fasta -m MFP -B 1000
Seed:    300834 (Using SPRNG - Scalable Parallel Random Number Generator)
Time:    Tue Oct 29 20:10:31 2024
Kernel:  AVX+FMA - 1 threads (8 CPU cores detected)

HINT: Use -nt option to specify number of threads because your CPU has 8 cores!
HINT: -nt AUTO will automatically determine the best number of threads to use.

Reading alignment file grupo_08_alineamiento_recortado.fasta ... Fasta format detected
Reading fasta file: done in 0.000648161 secs using 14.19% CPU
Alignment most likely contains DNA/RNA sequences
Alignment has 47 sequences with 542 columns, 283 distinct patterns
265 parsimony-informative, 15 singleton sites, 262 constant sites
                                    Gap/Ambiguity  Composition  p-value
Analyzing sequences: done in 5.3178e-05 secs
   1  Eleutherodactylus_longipes            0.00%    passed     82.61%
   2  Eleutherodactylus_leprus              0.00%    passed     54.12%
   3  Eleutherodactylus_verrucipes          0.00%    passed     67.87%
   4  Eleutherodactylus_guttilatus          0.00%    passed     76.96%
   5  Eleutherodactylus_cystignathoides     0.00%    passed     74.02%
   6  Eleutherodactylus_angustidigitorum    0.00%    passed     43.61%
   7  Eleutherodactylus_manantlanensis      0.00%    failed      1.31%
   8  Eleutherodactylus_nietoi              0.00%    passed     94.23%
   9  Eleutherodactylus_pallidus            0.00%    passed     46.95%
  10  Eleutherodactylus_erythrochomus       0.00%    passed     49.21%
  11  Eleutherodactylus_syristes            0.00%    passed     63.54%
  12  Eleutherodactylus_maurus              0.00%    passed     69.14%
  13  Eleutherodactylus_nitidus             0.00%    passed     58.75%
  14  Eleutherodactylus_rubrimaculatus      0.00%    passed     42.34%
  15  Diasporus_amirae                      0.00%    passed     52.70%
  16  Eleutherodactylus_planirostris        0.00%    passed     56.42%
  17  Eleutherodactylus_coqui               0.00%    passed     82.39%
  18  Adelophryne_baturitensis              0.00%    passed     50.50%
  19  Adelophryne_maranguapensis            0.00%    passed     34.55%
  20  Diasporus_diastema                    0.00%    passed     29.39%
  21  Diasporus_quidditus                   0.00%    passed     19.84%
  22  Eleutherodactylus_johnstonei          0.00%    passed     20.49%
  23  Eleutherodactylus_atkinsi             0.00%    passed     46.03%
  24  Eleutherodactylus_cubanus             0.00%    passed     98.90%
  25  Eleutherodactylus_etheridgei          0.00%    passed     34.54%
  26  Eleutherodactylus_iberia              0.00%    passed     83.18%
  27  Eleutherodactylus_jaumei              0.00%    passed     92.96%
  28  Eleutherodactylus_limbatus            0.00%    passed     97.18%
  29  Eleutherodactylus_orientalis          0.00%    passed     93.06%
  30  Adelophryne_pachydactyla              0.00%    passed     40.24%
  31  Adelophryne_patamona                  0.00%    passed     77.29%
  32  Adelophryne_adiastola                 0.00%    passed     64.32%
  33  Adelophryne_gutturosa                 0.00%    passed     61.10%
  34  Phyzelaphryne_miriamae                0.00%    passed     96.40%
  35  Diasporus_hylaeformis                 0.00%    passed     48.15%
  36  Eleutherodactylus_principalis         0.00%    passed     59.20%
  37  Eleutherodactylus_glamyrus            0.00%    passed     48.54%
  38  Eleutherodactylus_mariposa            0.00%    failed      2.44%
  39  Eleutherodactylus_ronaldi             0.00%    passed     11.86%
  40  Eleutherodactylus_eileenae            0.00%    passed     75.77%
  41  Ischnocnema_henselii                  0.00%    passed     92.21%
  42  Ischnocnema_guentheri                 0.00%    passed     51.67%
  43  Ischnocnema_juipoca                   0.00%    passed     46.47%
  44  Ischnocnema_crassa                    0.00%    passed     40.43%
  45  Ischnocnema_parva                     0.00%    passed     28.07%
  46  Ischnocnema_vizottoi                  0.00%    passed     80.43%
  47  Ischnocnema_lactea                    0.00%    passed      9.04%
****  TOTAL                                 0.00%  2 sequences failed composition chi2 test (p-value<5%; df=3)


Create initial parsimony tree by phylogenetic likelihood library (PLL)... 0.006 seconds
Perform fast likelihood tree search using GTR+I+G model...
Estimate model parameters (epsilon = 5.000)
Perform nearest neighbor interchange...
Estimate model parameters (epsilon = 1.000)
1. Initial log-likelihood: -10745.674
2. Current log-likelihood: -10740.418
3. Current log-likelihood: -10739.355
Optimal log-likelihood: -10738.749
Rate parameters:  A-C: 1.85186  A-G: 15.67720  A-T: 1.64686  C-G: 0.49701  C-T: 14.08119  G-T: 1.00000
Base frequencies:  A: 0.236  C: 0.291  G: 0.170  T: 0.302
Proportion of invariable sites: 0.468
Gamma shape alpha: 0.747
Parameters optimization took 3 rounds (0.069 sec)
Time for fast ML tree search: 0.341 seconds

NOTE: ModelFinder requires 5 MB RAM!
ModelFinder will test up to 484 DNA models (sample size: 542 epsilon: 0.100) ...
 No. Model         -LnL         df  AIC          AICc         BIC
  1  GTR+F         13148.264    99  26494.528    26539.324    26919.759
  2  GTR+F+I       11286.190    100 22772.380    22818.185    23201.907
  3  GTR+F+G4      10860.975    100 21921.949    21967.754    22351.476
  4  GTR+F+I+G4    10738.559    101 21679.118    21725.945    22112.940
  5  GTR+F+R2      10972.546    101 22147.092    22193.919    22580.913
  6  GTR+F+R3      10799.574    103 21805.148    21854.062    22247.561
  7  GTR+F+R4      10744.249    105 21698.498    21749.553    22149.501
  8  GTR+F+R5      10734.130    107 21682.259    21735.513    22141.853
  9  GTR+F+R6      10734.156    109 21686.311    21741.820    22154.495
 14  GTR+F+I+R2    10836.974    102 21877.947    21925.811    22316.064
 15  GTR+F+I+R3    10749.411    104 21706.821    21756.799    22153.529
 16  GTR+F+I+R4    10735.533    106 21683.066    21735.213    22138.364
 17  GTR+F+I+R5    10735.561    108 21687.122    21741.496    22151.011
 26  SYM+I+G4      10798.365    98  21792.731    21836.532    22213.667
 48  TVM+F+I+G4    10738.981    100 21677.961    21723.766    22107.488
 70  TVMe+I+G4     10829.250    97  21852.500    21895.320    22269.141
 92  TIM3+F+I+G4   10751.067    99  21700.134    21744.931    22125.366
114  TIM3e+I+G4    10855.287    96  21902.575    21944.426    22314.920
136  TIM2+F+I+G4   10740.031    99  21678.062    21722.858    22103.293
158  TIM2e+I+G4    10800.229    96  21792.458    21834.310    22204.804
180  TIM+F+I+G4    10749.558    99  21697.116    21741.913    22122.348
202  TIMe+I+G4     10853.921    96  21899.842    21941.693    22312.187
224  TPM3u+F+I+G4  10752.178    98  21700.357    21744.158    22121.293
246  TPM3+I+G4     10878.276    95  21946.552    21987.449    22354.603
268  TPM2u+F+I+G4  10740.406    98  21676.813    21720.614    22097.749
290  TPM2+I+G4     10831.437    95  21852.875    21893.772    22260.925
312  K3Pu+F+I+G4   10750.664    98  21697.329    21741.130    22118.265
334  K3P+I+G4      10877.288    95  21944.576    21985.473    22352.627
356  TN+F+I+G4     10751.268    98  21698.536    21742.338    22119.472
378  TNe+I+G4      10856.404    95  21902.808    21943.705    22310.859
400  HKY+F+I+G4    10752.365    97  21698.730    21741.550    22115.371
422  K2P+I+G4      10879.772    94  21947.544    21987.499    22351.299
444  F81+F+I+G4    11771.597    96  23735.195    23777.047    24147.540
466  JC+I+G4       11943.070    93  24072.141    24111.167    24471.600
Akaike Information Criterion:           TPM2u+F+I+G4
Corrected Akaike Information Criterion: TPM2u+F+I+G4
Bayesian Information Criterion:         TPM2u+F+I+G4
Best-fit model: TPM2u+F+I+G4 chosen according to BIC

All model information printed to grupo_08_alineamiento_recortado.fasta.model.gz
CPU time for ModelFinder: 3.882 seconds (0h:0m:3s)
Wall-clock time for ModelFinder: 3.932 seconds (0h:0m:3s)
Generating 1000 samples for ultrafast bootstrap (seed: 300834)...

NOTE: 2 MB RAM (0 GB) is required!
Estimate model parameters (epsilon = 0.100)
Thoroughly optimizing +I+G parameters from 10 start values...
Init pinv, alpha: 0.000, 1.373 / Estimate: 0.468, 0.710 / LogL: -10740.449
Init pinv, alpha: 0.054, 1.373 / Estimate: 0.468, 0.716 / LogL: -10740.406
Init pinv, alpha: 0.107, 1.373 / Estimate: 0.468, 0.719 / LogL: -10740.397
Init pinv, alpha: 0.161, 1.373 / Estimate: 0.468, 0.723 / LogL: -10740.400
Init pinv, alpha: 0.215, 1.373 / Estimate: 0.468, 0.728 / LogL: -10740.433
Init pinv, alpha: 0.269, 1.373 / Estimate: 0.468, 0.729 / LogL: -10740.440
Init pinv, alpha: 0.322, 1.373 / Estimate: 0.468, 0.730 / LogL: -10740.450
Init pinv, alpha: 0.376, 1.373 / Estimate: 0.468, 0.732 / LogL: -10740.476
Init pinv, alpha: 0.430, 1.373 / Estimate: 0.468, 0.732 / LogL: -10740.479
Init pinv, alpha: 0.483, 1.373 / Estimate: 0.468, 0.731 / LogL: -10740.470
Optimal pinv,alpha: 0.468, 0.719 / LogL: -10740.397

Parameters optimization took 2.087 sec
Wrote distance file to... 
Computing ML distances based on estimated model parameters...
Calculating distance matrix: done in 0.00954319 secs using 99.9% CPU
Computing ML distances took 0.009643 sec (of wall-clock time) 0.009638 sec (of CPU time)
Setting up auxiliary I and S matrices: done in 0.000101696 secs using 99.32% CPU
Computing RapidNJ tree took 0.000504 sec (of wall-clock time) 0.000882 sec (of CPU time)
Log-likelihood of RapidNJ tree: -10760.015
--------------------------------------------------------------------
|             INITIALIZING CANDIDATE TREE SET                      |
--------------------------------------------------------------------
Generating 98 parsimony trees... 0.409 second
Computing log-likelihood of 98 initial trees ... 0.356 seconds
Current best score: -10740.397

Do NNI search on 20 best initial trees
Estimate model parameters (epsilon = 0.100)
BETTER TREE FOUND at iteration 1: -10740.249
Iteration 10 / LogL: -10741.940 / Time: 0h:0m:7s
Iteration 20 / LogL: -10744.546 / Time: 0h:0m:8s
Finish initializing candidate tree set (9)
Current best tree score: -10740.249 / CPU time: 2.222
Number of iterations: 20
--------------------------------------------------------------------
|               OPTIMIZING CANDIDATE TREE SET                      |
--------------------------------------------------------------------
Iteration 30 / LogL: -10740.593 / Time: 0h:0m:8s (0h:0m:12s left)
Iteration 40 / LogL: -10744.864 / Time: 0h:0m:9s (0h:0m:9s left)
Iteration 50 / LogL: -10740.317 / Time: 0h:0m:10s (0h:0m:6s left)
Log-likelihood cutoff on original alignment: -10777.131
Iteration 60 / LogL: -10740.384 / Time: 0h:0m:11s (0h:0m:5s left)
Iteration 70 / LogL: -10743.426 / Time: 0h:0m:12s (0h:0m:3s left)
Iteration 80 / LogL: -10745.123 / Time: 0h:0m:12s (0h:0m:2s left)
Iteration 90 / LogL: -10740.472 / Time: 0h:0m:13s (0h:0m:1s left)
Iteration 100 / LogL: -10740.425 / Time: 0h:0m:14s (0h:0m:0s left)
Log-likelihood cutoff on original alignment: -10777.131
NOTE: Bootstrap correlation coefficient of split occurrence frequencies: 0.999
TREE SEARCH COMPLETED AFTER 102 ITERATIONS / Time: 0h:0m:14s

--------------------------------------------------------------------
|                    FINALIZING TREE SEARCH                        |
--------------------------------------------------------------------
Performs final model parameters optimization
Estimate model parameters (epsilon = 0.010)
1. Initial log-likelihood: -10740.249
Optimal log-likelihood: -10740.248
Rate parameters:  A-C: 2.41945  A-G: 21.27469  A-T: 2.41945  C-G: 1.00000  C-T: 21.27469  G-T: 1.00000
Base frequencies:  A: 0.236  C: 0.291  G: 0.170  T: 0.302
Proportion of invariable sites: 0.468
Gamma shape alpha: 0.719
Parameters optimization took 1 rounds (0.011 sec)
BEST SCORE FOUND : -10740.248
Creating bootstrap support values...
Split supports printed to NEXUS file grupo_08_alineamiento_recortado.fasta.splits.nex
Total tree length: 15.178

Total number of iterations: 102
CPU time used for tree search: 8.058 sec (0h:0m:8s)
Wall-clock time used for tree search: 8.452 sec (0h:0m:8s)
Total CPU time used: 14.170 sec (0h:0m:14s)
Total wall-clock time used: 14.630 sec (0h:0m:14s)

Computing bootstrap consensus tree...
Reading input file grupo_08_alineamiento_recortado.fasta.splits.nex...
47 taxa and 259 splits.
Consensus tree written to grupo_08_alineamiento_recortado.fasta.contree
Reading input trees file grupo_08_alineamiento_recortado.fasta.contree
Log-likelihood of consensus tree: -10740.398

Analysis results written to: 
  IQ-TREE report:                grupo_08_alineamiento_recortado.fasta.iqtree
  Maximum-likelihood tree:       grupo_08_alineamiento_recortado.fasta.treefile
  Likelihood distances:          grupo_08_alineamiento_recortado.fasta.mldist

Ultrafast bootstrap approximation results written to:
  Split support values:          grupo_08_alineamiento_recortado.fasta.splits.nex
  Consensus tree:                grupo_08_alineamiento_recortado.fasta.contree
  Screen log file:               grupo_08_alineamiento_recortado.fasta.log

Date and Time: Tue Oct 29 20:10:46 2024
